d:\github-zjyc\z-tcp-protocol-stack-master\z-tcp\z-tcp\debug\vc140.pdb
d:\github-zjyc\z-tcp-protocol-stack-master\z-tcp\z-tcp\debug\vc140.idb
d:\github-zjyc\z-tcp-protocol-stack-master\z-tcp\z-tcp\debug\arp.obj
d:\github-zjyc\z-tcp-protocol-stack-master\z-tcp\z-tcp\debug\basic.obj
d:\github-zjyc\z-tcp-protocol-stack-master\z-tcp\z-tcp\debug\ethernet.obj
d:\github-zjyc\z-tcp-protocol-stack-master\z-tcp\z-tcp\debug\heap_5.obj
d:\github-zjyc\z-tcp-protocol-stack-master\z-tcp\z-tcp\debug\ip.obj
d:\github-zjyc\z-tcp-protocol-stack-master\z-tcp\z-tcp\debug\networkbuff.obj
d:\github-zjyc\z-tcp-protocol-stack-master\z-tcp\z-tcp\debug\socket.obj
d:\github-zjyc\z-tcp-protocol-stack-master\z-tcp\z-tcp\debug\tcp.obj
d:\github-zjyc\z-tcp-protocol-stack-master\z-tcp\z-tcp\debug\tcp_win.obj
d:\github-zjyc\z-tcp-protocol-stack-master\z-tcp\z-tcp\debug\udp.obj
d:\github-zjyc\z-tcp-protocol-stack-master\z-tcp\z-tcp\debug\main.obj
d:\github-zjyc\z-tcp-protocol-stack-master\z-tcp\z-tcp\debug\tcp_task.obj
d:\github-zjyc\z-tcp-protocol-stack-master\z-tcp\debug\z-tcp.pdb
d:\github-zjyc\z-tcp-protocol-stack-master\z-tcp\z-tcp\debug\z-tcp.tlog\cl.command.1.tlog
d:\github-zjyc\z-tcp-protocol-stack-master\z-tcp\z-tcp\debug\z-tcp.tlog\cl.read.1.tlog
d:\github-zjyc\z-tcp-protocol-stack-master\z-tcp\z-tcp\debug\z-tcp.tlog\cl.write.1.tlog
d:\github-zjyc\z-tcp-protocol-stack-master\z-tcp\z-tcp\debug\z-tcp.tlog\link-cvtres.read.1.tlog
d:\github-zjyc\z-tcp-protocol-stack-master\z-tcp\z-tcp\debug\z-tcp.tlog\link-cvtres.write.1.tlog
d:\github-zjyc\z-tcp-protocol-stack-master\z-tcp\z-tcp\debug\z-tcp.tlog\link-rc.read.1.tlog
d:\github-zjyc\z-tcp-protocol-stack-master\z-tcp\z-tcp\debug\z-tcp.tlog\link-rc.write.1.tlog
d:\github-zjyc\z-tcp-protocol-stack-master\z-tcp\z-tcp\debug\z-tcp.tlog\link.command.1.tlog
d:\github-zjyc\z-tcp-protocol-stack-master\z-tcp\z-tcp\debug\z-tcp.tlog\link.read.1.tlog
d:\github-zjyc\z-tcp-protocol-stack-master\z-tcp\z-tcp\debug\z-tcp.tlog\link.write.1.tlog
