  UDP.c
  TCP_WIN.c
c:\github\z-tcp-protocol-stack\z-tcp\z-tcp\sourcecode\socket.h(20): error C2061: 语法错误: 标识符“TCP_Control”
c:\github\z-tcp-protocol-stack\z-tcp\z-tcp\sourcecode\socket.h(21): error C2059: 语法错误:“}”
c:\github\z-tcp-protocol-stack\z-tcp\z-tcp\sourcecode\socket.h(25): error C2143: 语法错误: 缺少“{”(在“*”的前面)
c:\github\z-tcp-protocol-stack\z-tcp\z-tcp\sourcecode\socket.h(26): error C2143: 语法错误: 缺少“)”(在“*”的前面)
c:\github\z-tcp-protocol-stack\z-tcp\z-tcp\sourcecode\socket.h(26): error C2143: 语法错误: 缺少“{”(在“*”的前面)
c:\github\z-tcp-protocol-stack\z-tcp\z-tcp\sourcecode\socket.h(26): error C2059: 语法错误:“类型”
c:\github\z-tcp-protocol-stack\z-tcp\z-tcp\sourcecode\socket.h(26): error C2059: 语法错误:“)”
c:\github\z-tcp-protocol-stack\z-tcp\z-tcp\sourcecode\socket.h(27): error C2143: 语法错误: 缺少“{”(在“*”的前面)
c:\github\z-tcp-protocol-stack\z-tcp\z-tcp\sourcecode\tcp_win.c(117): error C2143: 语法错误: 缺少“)”(在“*”的前面)
c:\github\z-tcp-protocol-stack\z-tcp\z-tcp\sourcecode\tcp_win.c(117): error C2143: 语法错误: 缺少“{”(在“*”的前面)
c:\github\z-tcp-protocol-stack\z-tcp\z-tcp\sourcecode\tcp_win.c(117): error C2059: 语法错误:“)”
c:\github\z-tcp-protocol-stack\z-tcp\z-tcp\sourcecode\tcp_win.c(118): error C2054: 在“pSocket”之后应输入“(”
  TCP.c
c:\github\z-tcp-protocol-stack\z-tcp\z-tcp\sourcecode\tcp.c(122): warning C4554: “<<”: 检查运算符优先级可能存在的错误；使用圆括号阐明优先级
c:\github\z-tcp-protocol-stack\z-tcp\z-tcp\sourcecode\tcp.c(152): warning C4013: “prvTCPWin_NewWindows”未定义；假设外部返回 int
c:\github\z-tcp-protocol-stack\z-tcp\z-tcp\sourcecode\tcp.c(152): warning C4047: “=”:“TCP_Win *”与“int”的间接级别不同
c:\github\z-tcp-protocol-stack\z-tcp\z-tcp\sourcecode\tcp.c(176): warning C4013: “prvTCP_FillPacket”未定义；假设外部返回 int
c:\github\z-tcp-protocol-stack\z-tcp\z-tcp\sourcecode\tcp.c(191): warning C4033: “prvTCP_ProcessSN_ACK_Num”必须返回值
c:\github\z-tcp-protocol-stack\z-tcp\z-tcp\sourcecode\tcp.c(223): warning C4013: “TCP_GetOptionSize”未定义；假设外部返回 int
c:\github\z-tcp-protocol-stack\z-tcp\z-tcp\sourcecode\tcp.c(237): warning C4047: “==”:“unsigned int”与“void *”的间接级别不同
c:\github\z-tcp-protocol-stack\z-tcp\z-tcp\sourcecode\tcp.c(247): warning C4047: “==”:“unsigned int”与“void *”的间接级别不同
c:\github\z-tcp-protocol-stack\z-tcp\z-tcp\sourcecode\tcp.c(265): error C2065: “Data”: 未声明的标识符
c:\github\z-tcp-protocol-stack\z-tcp\z-tcp\sourcecode\tcp.c(265): error C2065: “Len”: 未声明的标识符
c:\github\z-tcp-protocol-stack\z-tcp\z-tcp\sourcecode\tcp.c(280): warning C4013: “prvTCP_FlagsRx”未定义；假设外部返回 int
c:\github\z-tcp-protocol-stack\z-tcp\z-tcp\sourcecode\tcp.c(281): warning C4013: “prvTCP_SN_ACK_Rx”未定义；假设外部返回 int
c:\github\z-tcp-protocol-stack\z-tcp\z-tcp\sourcecode\tcp.c(282): warning C4013: “prvTCP_OptionWinsizeRx”未定义；假设外部返回 int
c:\github\z-tcp-protocol-stack\z-tcp\z-tcp\sourcecode\tcp.c(283): warning C4013: “prvTCP_DataRx”未定义；假设外部返回 int
c:\github\z-tcp-protocol-stack\z-tcp\z-tcp\sourcecode\tcp.c(284): warning C4013: “prvTCP_StateMachine”未定义；假设外部返回 int
c:\github\z-tcp-protocol-stack\z-tcp\z-tcp\sourcecode\tcp.c(287): warning C4013: “prvTCP_AllocateEmptyPacket”未定义；假设外部返回 int
c:\github\z-tcp-protocol-stack\z-tcp\z-tcp\sourcecode\tcp.c(287): warning C4013: “prvTCP_GetPacketSize”未定义；假设外部返回 int
c:\github\z-tcp-protocol-stack\z-tcp\z-tcp\sourcecode\tcp.c(287): warning C4047: “=”:“TCP_Header *”与“int”的间接级别不同
c:\github\z-tcp-protocol-stack\z-tcp\z-tcp\sourcecode\tcp.c(288): warning C4013: “prvTCP_DataTx”未定义；假设外部返回 int
c:\github\z-tcp-protocol-stack\z-tcp\z-tcp\sourcecode\tcp.c(289): warning C4013: “prvTCP_OptionWinsizeTx”未定义；假设外部返回 int
c:\github\z-tcp-protocol-stack\z-tcp\z-tcp\sourcecode\tcp.c(290): warning C4013: “prvTCP_SN_ACK_Tx”未定义；假设外部返回 int
c:\github\z-tcp-protocol-stack\z-tcp\z-tcp\sourcecode\tcp.c(291): warning C4013: “prvTCP_FlagsTx”未定义；假设外部返回 int
c:\github\z-tcp-protocol-stack\z-tcp\z-tcp\sourcecode\tcp.c(296): warning C4142: "prvTCP_GetPacketSize": 类型的良性重定义
c:\github\z-tcp-protocol-stack\z-tcp\z-tcp\sourcecode\tcp.c(301): error C2040: “prvTCP_AllocateEmptyPacket”:“TCP_Header *(TCP_Control *,unsigned int)”与“int ()”的间接寻址级别不同
c:\github\z-tcp-protocol-stack\z-tcp\z-tcp\sourcecode\tcp.c(326): warning C4133: “函数”: 从“NeteworkBuff *”到“TCP_Control *”的类型不兼容
c:\github\z-tcp-protocol-stack\z-tcp\z-tcp\sourcecode\tcp.c(326): error C2198: “prvTCP_FillOption”: 用于调用的参数太少
c:\github\z-tcp-protocol-stack\z-tcp\z-tcp\sourcecode\tcp.c(327): warning C4133: “函数”: 从“NeteworkBuff *”到“TCP_Control *”的类型不兼容
c:\github\z-tcp-protocol-stack\z-tcp\z-tcp\sourcecode\tcp.c(327): warning C4133: “函数”: 从“unsigned char *”到“TCP_Header *”的类型不兼容
c:\github\z-tcp-protocol-stack\z-tcp\z-tcp\sourcecode\tcp.c(327): warning C4020: “prvTCP_FillData”: 实参太多
c:\github\z-tcp-protocol-stack\z-tcp\z-tcp\sourcecode\tcp.c(328): warning C4013: “prvTCP_FillHeader”未定义；假设外部返回 int
c:\github\z-tcp-protocol-stack\z-tcp\z-tcp\sourcecode\tcp.c(357): warning C4554: “|”: 检查运算符优先级可能存在的错误；使用圆括号阐明优先级
  Socket.c
c:\github\z-tcp-protocol-stack\z-tcp\z-tcp\sourcecode\socket.c(41): warning C4047: “==”:“int”与“void *”的间接级别不同
c:\github\z-tcp-protocol-stack\z-tcp\z-tcp\sourcecode\socket.c(86): warning C4013: “TCP_Connect”未定义；假设外部返回 int
  NetworkBuff.c
c:\github\z-tcp-protocol-stack\z-tcp\z-tcp\sourcecode\networkbuff.c(17): warning C4047: “函数”:“const HeapRegion_t *const ”与“HeapRegion_t (*)[2]”的间接级别不同
c:\github\z-tcp-protocol-stack\z-tcp\z-tcp\sourcecode\networkbuff.c(17): warning C4024: “MM_Ops”: 形参和实参 1 的类型不同
c:\github\z-tcp-protocol-stack\z-tcp\z-tcp\sourcecode\networkbuff.c(57): warning C4047: “=”:“unsigned char”与“void *”的间接级别不同
  IP.c
c:\github\z-tcp-protocol-stack\z-tcp\z-tcp\sourcecode\ip.c(142): warning C4101: “Temp”: 未引用的局部变量
  heap_5.c
  Ethernet.c
c:\github\z-tcp-protocol-stack\z-tcp\z-tcp\sourcecode\ethernet.c(66): warning C4098: “Ethernet_ProcessPacket”:“void”函数返回值
c:\github\z-tcp-protocol-stack\z-tcp\z-tcp\sourcecode\ethernet.c(70): warning C4013: “prvEthernetFilter”未定义；假设外部返回 int
c:\github\z-tcp-protocol-stack\z-tcp\z-tcp\sourcecode\ethernet.c(108): warning C4047: “函数”:“unsigned char”与“void *”的间接级别不同
c:\github\z-tcp-protocol-stack\z-tcp\z-tcp\sourcecode\ethernet.c(108): warning C4024: “ARP_GetMAC_ByIP”: 形参和实参 4 的类型不同
  Basic.c
  ARP.c
c:\github\z-tcp-protocol-stack\z-tcp\z-tcp\sourcecode\arp.c(12): warning C4101: “i”: 未引用的局部变量
c:\github\z-tcp-protocol-stack\z-tcp\z-tcp\sourcecode\arp.c(54): warning C4047: “!=”:“int”与“void *”的间接级别不同
c:\github\z-tcp-protocol-stack\z-tcp\z-tcp\sourcecode\arp.c(62): warning C4133: “函数”: 从“MAC *”到“IP *”的类型不兼容
c:\github\z-tcp-protocol-stack\z-tcp\z-tcp\sourcecode\arp.c(62): warning C4047: “函数”:“unsigned char”与“void *”的间接级别不同
c:\github\z-tcp-protocol-stack\z-tcp\z-tcp\sourcecode\arp.c(62): warning C4024: “ARP_GetMAC_ByIP”: 形参和实参 4 的类型不同
  正在生成代码...
